  (25)Лаба 8к.cpp
C:\Users\Иван\OneDrive\Рабочий стол\(25)Лаба 8к\(25)Лаба 8к.cpp(1,10): warning C4067: непредвиденные лексемы за директивой препроцессора, требуется newline
C:\Users\Иван\OneDrive\Рабочий стол\(25)Лаба 8к\(25)Лаба 8к.cpp(2,10): warning C4067: непредвиденные лексемы за директивой препроцессора, требуется newline
C:\Users\Иван\OneDrive\Рабочий стол\(25)Лаба 8к\Abiturient.h(3,10): warning C4067: непредвиденные лексемы за директивой препроцессора, требуется newline
C:\Users\Иван\OneDrive\Рабочий стол\(25)Лаба 8к\Abiturient.h(4,10): warning C4067: непредвиденные лексемы за директивой препроцессора, требуется newline
C:\Users\Иван\OneDrive\Рабочий стол\(25)Лаба 8к\Abiturient.h(5,10): warning C4067: непредвиденные лексемы за директивой препроцессора, требуется newline
C:\Users\Иван\OneDrive\Рабочий стол\(25)Лаба 8к\Abiturient.h(17,28): warning C4244: return: преобразование "int" в "float", возможна потеря данных
C:\Users\Иван\OneDrive\Рабочий стол\(25)Лаба 8к\(25)Лаба 8к.cpp(3,10): warning C4067: непредвиденные лексемы за директивой препроцессора, требуется newline
C:\Users\Иван\OneDrive\Рабочий стол\(25)Лаба 8к\(25)Лаба 8к.cpp(6,10): warning C4067: непредвиденные лексемы за директивой препроцессора, требуется newline
C:\Users\Иван\OneDrive\Рабочий стол\(25)Лаба 8к\(25)Лаба 8к.cpp(7,10): warning C4067: непредвиденные лексемы за директивой препроцессора, требуется newline
C:\Users\Иван\OneDrive\Рабочий стол\(25)Лаба 8к\(25)Лаба 8к.cpp(10,1): warning C4326: возвращаемый тип "main" должен быть "int", а не "void"
  Dialog.cpp
C:\Users\Иван\OneDrive\Рабочий стол\(25)Лаба 8к\Abiturient.h(3,10): warning C4067: непредвиденные лексемы за директивой препроцессора, требуется newline
C:\Users\Иван\OneDrive\Рабочий стол\(25)Лаба 8к\Abiturient.h(4,10): warning C4067: непредвиденные лексемы за директивой препроцессора, требуется newline
C:\Users\Иван\OneDrive\Рабочий стол\(25)Лаба 8к\Abiturient.h(5,10): warning C4067: непредвиденные лексемы за директивой препроцессора, требуется newline
C:\Users\Иван\OneDrive\Рабочий стол\(25)Лаба 8к\Abiturient.h(17,28): warning C4244: return: преобразование "int" в "float", возможна потеря данных
  Tree.cpp
C:\Users\Иван\OneDrive\Рабочий стол\(25)Лаба 8к\Abiturient.h(3,10): warning C4067: непредвиденные лексемы за директивой препроцессора, требуется newline
C:\Users\Иван\OneDrive\Рабочий стол\(25)Лаба 8к\Abiturient.h(4,10): warning C4067: непредвиденные лексемы за директивой препроцессора, требуется newline
C:\Users\Иван\OneDrive\Рабочий стол\(25)Лаба 8к\Abiturient.h(5,10): warning C4067: непредвиденные лексемы за директивой препроцессора, требуется newline
C:\Users\Иван\OneDrive\Рабочий стол\(25)Лаба 8к\Abiturient.h(17,28): warning C4244: return: преобразование "int" в "float", возможна потеря данных
  Abiturient.cpp
C:\Users\Иван\OneDrive\Рабочий стол\(25)Лаба 8к\Abiturient.h(3,10): warning C4067: непредвиденные лексемы за директивой препроцессора, требуется newline
C:\Users\Иван\OneDrive\Рабочий стол\(25)Лаба 8к\Abiturient.h(4,10): warning C4067: непредвиденные лексемы за директивой препроцессора, требуется newline
C:\Users\Иван\OneDrive\Рабочий стол\(25)Лаба 8к\Abiturient.h(5,10): warning C4067: непредвиденные лексемы за директивой препроцессора, требуется newline
C:\Users\Иван\OneDrive\Рабочий стол\(25)Лаба 8к\Abiturient.h(17,28): warning C4244: return: преобразование "int" в "float", возможна потеря данных
  Object.cpp
  Person.cpp
  Создание кода...
C:\Users\Иван\OneDrive\Рабочий стол\(25)Лаба 8к\Person.cpp(41): warning C4715: Person::operator=: значение возвращается не при всех путях выполнения
  (25)Лаба 8к.vcxproj -> C:\Users\Иван\OneDrive\Рабочий стол\(25)Лаба 8к\Debug\(25)Лаба 8к.exe
